<?xml version="1.0" encoding="UTF-8"?>
<!-- Generated by org.testng.reporters.JUnitReportReporter -->
<testsuite hostname="SPCLTLAP-0337" failures="0" tests="1" name="com.test.Customer.AllScenarios_Cust_CustRegister" time="333.372" errors="0" timestamp="2024-11-29T16:05:53 IST" skipped="0">
  <testcase classname="com.test.Customer.AllScenarios_Cust_CustRegister" name="customerRegister" time="333.372"/>
  <system-out/>
</testsuite> <!-- com.test.Customer.AllScenarios_Cust_CustRegister -->
