<?xml version="1.0" encoding="UTF-8"?>
<!-- Generated by org.testng.reporters.JUnitReportReporter -->
<testsuite hostname="SPBLRLAP-611" failures="0" tests="1" name="com.test.Customer.AllScenarios_Cust_InstitutionalCust" time="78.424" errors="0" timestamp="2025-01-22T12:12:30 IST" skipped="0">
  <testcase classname="com.test.Customer.AllScenarios_Cust_InstitutionalCust" name="institutionalCustomer" time="78.424"/>
  <system-out/>
</testsuite> <!-- com.test.Customer.AllScenarios_Cust_InstitutionalCust -->
