<?xml version="1.0" encoding="UTF-8"?>
<!-- Generated by org.testng.reporters.JUnitReportReporter -->
<testsuite hostname="SPBLRLAP-611" failures="0" tests="1" name="com.test.Customer.AlScenarios_Cust_InstitutionalCust" time="78.676" errors="0" timestamp="2025-01-02T20:04:34 IST" skipped="0">
  <testcase classname="com.test.Customer.AlScenarios_Cust_InstitutionalCust" name="institutionalCustomer" time="78.676"/>
  <system-out/>
</testsuite> <!-- com.test.Customer.AlScenarios_Cust_InstitutionalCust -->
