<?xml version="1.0" encoding="UTF-8"?>
<!-- Generated by org.testng.reporters.JUnitReportReporter -->
<testsuite hostname="SPBLRLAP-611" failures="0" tests="1" name="com.test.Customer.AllScenarios_Cust_CustRating" time="136.275" errors="0" timestamp="2024-12-23T17:32:49 IST" skipped="0">
  <testcase classname="com.test.Customer.AllScenarios_Cust_CustRating" name="customerRegister" time="136.275"/>
  <system-out/>
</testsuite> <!-- com.test.Customer.AllScenarios_Cust_CustRating -->
