<?xml version="1.0" encoding="UTF-8"?>
<!-- Generated by org.testng.reporters.JUnitReportReporter -->
<testsuite hostname="SPBLRLAP-611" failures="0" tests="1" name="com.test.AccountOpening.AllScenarios_PersonalLoan" time="266.029" errors="0" timestamp="2025-01-27T13:16:13 IST" skipped="0">
  <testcase classname="com.test.AccountOpening.AllScenarios_PersonalLoan" name="loanOpeningModule" time="266.029"/>
  <system-out/>
</testsuite> <!-- com.test.AccountOpening.AllScenarios_PersonalLoan -->
