<?xml version="1.0" encoding="UTF-8"?>
<!-- Generated by org.testng.reporters.JUnitReportReporter -->
<testsuite hostname="SPBLRLAP-611" failures="0" tests="1" name="com.test.Customer.AllScenarios_Admin_UserCreation" time="168.232" errors="0" timestamp="2025-01-02T16:18:36 IST" skipped="0">
  <testcase classname="com.test.Customer.AllScenarios_Admin_UserCreation" name="userCreation" time="168.232"/>
  <system-out/>
</testsuite> <!-- com.test.Customer.AllScenarios_Admin_UserCreation -->
