<?xml version="1.0" encoding="UTF-8"?>
<!-- Generated by org.testng.reporters.JUnitReportReporter -->
<testsuite hostname="SPBLRLAP-611" failures="0" tests="1" name="com.test.Customer.AllScenarios_Cust_CustRating" time="137.673" errors="0" timestamp="2024-12-23T11:15:26 IST" skipped="0">
  <testcase classname="com.test.Customer.AllScenarios_Cust_CustRating" name="customerRegister" time="137.673"/>
  <system-out/>
</testsuite> <!-- com.test.Customer.AllScenarios_Cust_CustRating -->
